2023-01-04 00:00:00,346 [canton-env-execution-context-20] INFO  c.d.c.s.c.SequencedEventValidator$:participant=sandbox/domain=local tid:a7ca5fd532e0df2579bf23c8b7daebc1 - Validating event at 2023-01-03T23:00:00.344677Z optimistically with snapshot taken at 2023-01-03T22:59:57.958467Z
2023-01-04 00:00:00,357 [canton-env-execution-context-83] INFO  c.d.c.p.p.AcsCommitmentProcessor:participant=sandbox/domain=local tid:ff77012ef43639c36776640c7109e8a6 - Deleted buffered commitments and set last computed and sent timestamp set to 2023-01-03T23:00:00Z
2023-01-04 00:00:00,363 [canton-env-execution-context-82] INFO  c.d.c.p.p.AcsCommitmentProcessor$:participant=sandbox/domain=local - Tick before or at 2023-01-03T22:59:16.264600Z yields 2023-01-03T22:59:00Z
2023-01-04 00:00:00,363 [canton-env-execution-context-109] INFO  c.d.c.p.p.AcsCommitmentProcessor$:participant=sandbox/domain=local - Tick before or at 2023-01-03T23:00:00Z yields 2023-01-03T23:00:00Z
2023-01-04 00:00:00,363 [canton-env-execution-context-85] INFO  c.d.c.p.p.AcsCommitmentProcessor$:participant=sandbox/domain=local - Getting safe to prune commitment tick with data Map(cleanReplayTs -> 2023-01-03T22:59:16.264600Z, inFlightSubmissionTs -> None, latestTickBeforeOrAt -> 2023-01-03T22:59:00Z, tsSafeToPruneUpTo -> Some(2023-01-03T22:59:00Z))
2023-01-04 00:00:00,856 [canton-env-execution-context-20] INFO  c.d.c.s.c.SequencedEventValidator$:participant=sandbox/domain=local tid:a7ca5fd532e0df2579bf23c8b7daebc1 - Validating event at 2023-01-03T23:00:00.854557Z optimistically with snapshot taken at 2023-01-03T23:00:00.344678Z
2023-01-04 00:00:01,365 [canton-env-execution-context-28] INFO  c.d.c.s.c.SequencedEventValidator$:participant=sandbox/domain=local tid:a7ca5fd532e0df2579bf23c8b7daebc1 - Validating event at 2023-01-03T23:00:01.363002Z optimistically with snapshot taken at 2023-01-03T23:00:00.854558Z
2023-01-04 00:00:01,872 [canton-env-execution-context-27] INFO  c.d.c.s.c.SequencedEventValidator$:participant=sandbox/domain=local tid:a7ca5fd532e0df2579bf23c8b7daebc1 - Validating event at 2023-01-03T23:00:01.870459Z optimistically with snapshot taken at 2023-01-03T23:00:01.363003Z
2023-01-04 00:00:02,379 [canton-env-execution-context-29] INFO  c.d.c.s.c.SequencedEventValidator$:participant=sandbox/domain=local tid:a7ca5fd532e0df2579bf23c8b7daebc1 - Validating event at 2023-01-03T23:00:02.377814Z optimistically with snapshot taken at 2023-01-03T23:00:01.870460Z
2023-01-04 00:00:02,886 [canton-env-execution-context-85] INFO  c.d.c.s.c.SequencedEventValidator$:participant=sandbox/domain=local tid:a7ca5fd532e0df2579bf23c8b7daebc1 - Validating event at 2023-01-03T23:00:02.884644Z optimistically with snapshot taken at 2023-01-03T23:00:02.377815Z
2023-01-04 00:00:03,394 [canton-env-execution-context-25] INFO  c.d.c.s.c.SequencedEventValidator$:participant=sandbox/domain=local tid:a7ca5fd532e0df2579bf23c8b7daebc1 - Validating event at 2023-01-03T23:00:03.391873Z optimistically with snapshot taken at 2023-01-03T23:00:02.884645Z
2023-01-04 00:00:03,901 [canton-env-execution-context-84] INFO  c.d.c.s.c.SequencedEventValidator$:participant=sandbox/domain=local tid:a7ca5fd532e0df2579bf23c8b7daebc1 - Validating event at 2023-01-03T23:00:03.899492Z optimistically with snapshot taken at 2023-01-03T23:00:03.391874Z
2023-01-04 00:00:04,410 [canton-env-execution-context-85] INFO  c.d.c.s.c.SequencedEventValidator$:participant=sandbox/domain=local tid:a7ca5fd532e0df2579bf23c8b7daebc1 - Validating event at 2023-01-03T23:00:04.407698Z optimistically with snapshot taken at 2023-01-03T23:00:03.899493Z
2023-01-04 00:00:04,917 [canton-env-execution-context-27] INFO  c.d.c.s.c.SequencedEventValidator$:participant=sandbox/domain=local tid:a7ca5fd532e0df2579bf23c8b7daebc1 - Validating event at 2023-01-03T23:00:04.915576Z optimistically with snapshot taken at 2023-01-03T23:00:04.407699Z
2023-01-04 00:00:05,423 [canton-env-execution-context-25] INFO  c.d.c.s.c.SequencedEventValidator$:participant=sandbox/domain=local tid:a7ca5fd532e0df2579bf23c8b7daebc1 - Validating event at 2023-01-03T23:00:05.422085Z optimistically with snapshot taken at 2023-01-03T23:00:04.915577Z
2023-01-04 00:00:05,929 [canton-env-execution-context-26] INFO  c.d.c.s.c.SequencedEventValidator$:participant=sandbox/domain=local tid:a7ca5fd532e0df2579bf23c8b7daebc1 - Validating event at 2023-01-03T23:00:05.927759Z optimistically with snapshot taken at 2023-01-03T23:00:05.422086Z
2023-01-04 00:00:06,435 [canton-env-execution-context-28] INFO  c.d.c.s.c.SequencedEventValidator$:participant=sandbox/domain=local tid:a7ca5fd532e0df2579bf23c8b7daebc1 - Validating event at 2023-01-03T23:00:06.433549Z optimistically with snapshot taken at 2023-01-03T23:00:05.927760Z
2023-01-04 00:00:08,792 [canton-env-execution-context-84] INFO  c.d.c.s.c.SequencedEventValidator$:participant=sandbox/domain=local tid:a7ca5fd532e0df2579bf23c8b7daebc1 - Validating event at 2023-01-03T23:00:08.791250Z optimistically with snapshot taken at 2023-01-03T23:00:06.433550Z
2023-01-04 00:00:09,298 [canton-env-execution-context-26] INFO  c.d.c.s.c.SequencedEventValidator$:participant=sandbox/domain=local tid:a7ca5fd532e0df2579bf23c8b7daebc1 - Validating event at 2023-01-03T23:00:09.296766Z optimistically with snapshot taken at 2023-01-03T23:00:08.791251Z
2023-01-04 00:00:09,803 [canton-env-execution-context-84] INFO  c.d.c.s.c.SequencedEventValidator$:participant=sandbox/domain=local tid:a7ca5fd532e0df2579bf23c8b7daebc1 - Validating event at 2023-01-03T23:00:09.802298Z optimistically with snapshot taken at 2023-01-03T23:00:09.296767Z
2023-01-04 00:00:10,309 [canton-env-execution-context-84] INFO  c.d.c.s.c.SequencedEventValidator$:participant=sandbox/domain=local tid:a7ca5fd532e0df2579bf23c8b7daebc1 - Validating event at 2023-01-03T23:00:10.307486Z optimistically with snapshot taken at 2023-01-03T23:00:09.802299Z
2023-01-04 00:00:10,814 [canton-env-execution-context-20] INFO  c.d.c.s.c.SequencedEventValidator$:participant=sandbox/domain=local tid:a7ca5fd532e0df2579bf23c8b7daebc1 - Validating event at 2023-01-03T23:00:10.813309Z optimistically with snapshot taken at 2023-01-03T23:00:10.307487Z
2023-01-04 00:00:11,320 [canton-env-execution-context-109] INFO  c.d.c.s.c.SequencedEventValidator$:participant=sandbox/domain=local tid:a7ca5fd532e0df2579bf23c8b7daebc1 - Validating event at 2023-01-03T23:00:11.319178Z optimistically with snapshot taken at 2023-01-03T23:00:10.813310Z
2023-01-04 00:00:11,826 [canton-env-execution-context-25] INFO  c.d.c.s.c.SequencedEventValidator$:participant=sandbox/domain=local tid:a7ca5fd532e0df2579bf23c8b7daebc1 - Validating event at 2023-01-03T23:00:11.824888Z optimistically with snapshot taken at 2023-01-03T23:00:11.319179Z
2023-01-04 00:00:12,332 [canton-env-execution-context-109] INFO  c.d.c.s.c.SequencedEventValidator$:participant=sandbox/domain=local tid:a7ca5fd532e0df2579bf23c8b7daebc1 - Validating event at 2023-01-03T23:00:12.330590Z optimistically with snapshot taken at 2023-01-03T23:00:11.824889Z
2023-01-04 00:00:12,837 [canton-env-execution-context-19] INFO  c.d.c.s.c.SequencedEventValidator$:participant=sandbox/domain=local tid:a7ca5fd532e0df2579bf23c8b7daebc1 - Validating event at 2023-01-03T23:00:12.836543Z optimistically with snapshot taken at 2023-01-03T23:00:12.330591Z
2023-01-04 00:00:13,343 [canton-env-execution-context-19] INFO  c.d.c.s.c.SequencedEventValidator$:participant=sandbox/domain=local tid:a7ca5fd532e0df2579bf23c8b7daebc1 - Validating event at 2023-01-03T23:00:13.341782Z optimistically with snapshot taken at 2023-01-03T23:00:12.836544Z
2023-01-04 00:00:13,848 [canton-env-execution-context-25] INFO  c.d.c.s.c.SequencedEventValidator$:participant=sandbox/domain=local tid:a7ca5fd532e0df2579bf23c8b7daebc1 - Validating event at 2023-01-03T23:00:13.847325Z optimistically with snapshot taken at 2023-01-03T23:00:13.341783Z
2023-01-04 00:00:14,354 [canton-env-execution-context-82] INFO  c.d.c.s.c.SequencedEventValidator$:participant=sandbox/domain=local tid:a7ca5fd532e0df2579bf23c8b7daebc1 - Validating event at 2023-01-03T23:00:14.353037Z optimistically with snapshot taken at 2023-01-03T23:00:13.847326Z
2023-01-04 00:00:14,860 [canton-env-execution-context-28] INFO  c.d.c.s.c.SequencedEventValidator$:participant=sandbox/domain=local tid:a7ca5fd532e0df2579bf23c8b7daebc1 - Validating event at 2023-01-03T23:00:14.859018Z optimistically with snapshot taken at 2023-01-03T23:00:14.353038Z
2023-01-04 00:00:15,366 [canton-env-execution-context-85] INFO  c.d.c.s.c.SequencedEventValidator$:participant=sandbox/domain=local tid:a7ca5fd532e0df2579bf23c8b7daebc1 - Validating event at 2023-01-03T23:00:15.364682Z optimistically with snapshot taken at 2023-01-03T23:00:14.859019Z
2023-01-04 00:00:15,871 [canton-env-execution-context-26] INFO  c.d.c.s.c.SequencedEventValidator$:participant=sandbox/domain=local tid:a7ca5fd532e0df2579bf23c8b7daebc1 - Validating event at 2023-01-03T23:00:15.870207Z optimistically with snapshot taken at 2023-01-03T23:00:15.364683Z
2023-01-04 00:00:16,377 [canton-env-execution-context-109] INFO  c.d.c.s.c.SequencedEventValidator$:participant=sandbox/domain=local tid:a7ca5fd532e0df2579bf23c8b7daebc1 - Validating event at 2023-01-03T23:00:16.375777Z optimistically with snapshot taken at 2023-01-03T23:00:15.870208Z
